2020-08-25 10:49:37.598  INFO 5328 --- [main] c.a.s.SmsemailserviceApplication         : Starting SmsemailserviceApplication on DESKTOP-FDIP440 with PID 5328 (D:\Repo\smsemailservice\smsemailservice\target\classes started by Vikram in D:\Repo\smsemailservice\smsemailservice)
2020-08-25 10:49:37.635  INFO 5328 --- [main] c.a.s.SmsemailserviceApplication         : No active profile set, falling back to default profiles: default
2020-08-25 10:49:39.008  INFO 5328 --- [main] .s.d.r.c.RepositoryConfigurationDelegate : Bootstrapping Spring Data JPA repositories in DEFERRED mode.
2020-08-25 10:49:39.174  INFO 5328 --- [main] .s.d.r.c.RepositoryConfigurationDelegate : Finished Spring Data repository scanning in 144ms. Found 2 JPA repository interfaces.
2020-08-25 10:49:40.310  INFO 5328 --- [main] o.s.b.w.embedded.tomcat.TomcatWebServer  : Tomcat initialized with port(s): 8081 (http)
2020-08-25 10:49:40.369  INFO 5328 --- [main] o.apache.catalina.core.StandardService   : Starting service [Tomcat]
2020-08-25 10:49:40.371  INFO 5328 --- [main] org.apache.catalina.core.StandardEngine  : Starting Servlet engine: [Apache Tomcat/9.0.37]
2020-08-25 10:49:40.554  INFO 5328 --- [main] o.a.c.c.C.[Tomcat].[localhost].[/]       : Initializing Spring embedded WebApplicationContext
2020-08-25 10:49:40.554  INFO 5328 --- [main] w.s.c.ServletWebServerApplicationContext : Root WebApplicationContext: initialization completed in 2789 ms
2020-08-25 10:49:40.908  INFO 5328 --- [main] o.s.s.concurrent.ThreadPoolTaskExecutor  : Initializing ExecutorService 'applicationTaskExecutor'
2020-08-25 10:49:41.007  INFO 5328 --- [task-1] o.hibernate.jpa.internal.util.LogHelper  : HHH000204: Processing PersistenceUnitInfo [name: default]
2020-08-25 10:49:41.174  INFO 5328 --- [task-1] org.hibernate.Version                    : HHH000412: Hibernate ORM core version 5.4.20.Final
2020-08-25 10:49:41.179  WARN 5328 --- [main] JpaBaseConfiguration$JpaWebConfiguration : spring.jpa.open-in-view is enabled by default. Therefore, database queries may be performed during view rendering. Explicitly configure spring.jpa.open-in-view to disable this warning
2020-08-25 10:49:41.502  INFO 5328 --- [task-1] o.hibernate.annotations.common.Version   : HCANN000001: Hibernate Commons Annotations {5.1.0.Final}
2020-08-25 10:49:41.943  INFO 5328 --- [task-1] com.zaxxer.hikari.HikariDataSource       : HikariPool-1 - Starting...
2020-08-25 10:49:42.397  INFO 5328 --- [main] o.s.b.w.embedded.tomcat.TomcatWebServer  : Tomcat started on port(s): 8081 (http) with context path ''
2020-08-25 10:49:42.405  INFO 5328 --- [main] DeferredRepositoryInitializationListener : Triggering deferred initialization of Spring Data repositories…
2020-08-25 10:49:43.245  INFO 5328 --- [task-1] com.zaxxer.hikari.HikariDataSource       : HikariPool-1 - Start completed.
2020-08-25 10:49:43.303  INFO 5328 --- [task-1] org.hibernate.dialect.Dialect            : HHH000400: Using dialect: org.hibernate.dialect.MySQL8Dialect
2020-08-25 10:49:44.318  INFO 5328 --- [task-1] o.h.e.t.j.p.i.JtaPlatformInitiator       : HHH000490: Using JtaPlatform implementation: [org.hibernate.engine.transaction.jta.platform.internal.NoJtaPlatform]
2020-08-25 10:49:44.328  INFO 5328 --- [task-1] j.LocalContainerEntityManagerFactoryBean : Initialized JPA EntityManagerFactory for persistence unit 'default'
2020-08-25 10:49:44.668  INFO 5328 --- [main] DeferredRepositoryInitializationListener : Spring Data repositories initialized!
2020-08-25 10:49:44.680  INFO 5328 --- [main] c.a.s.SmsemailserviceApplication         : Started SmsemailserviceApplication in 8.206 seconds (JVM running for 10.093)
2020-08-25 10:50:21.136  INFO 5328 --- [http-nio-8081-exec-2] o.a.c.c.C.[Tomcat].[localhost].[/]       : Initializing Spring DispatcherServlet 'dispatcherServlet'
2020-08-25 10:50:21.137  INFO 5328 --- [http-nio-8081-exec-2] o.s.web.servlet.DispatcherServlet        : Initializing Servlet 'dispatcherServlet'
2020-08-25 10:50:21.148  INFO 5328 --- [http-nio-8081-exec-2] o.s.web.servlet.DispatcherServlet        : Completed initialization in 11 ms
2020-08-25 10:50:21.404  INFO 5328 --- [http-nio-8081-exec-2] c.a.s.controller.EmailRequestController  : Frorm:anmoldavane@gmail.com
2020-08-25 10:50:21.404  INFO 5328 --- [http-nio-8081-exec-2] c.a.s.controller.EmailRequestController  : to:[anmol.dawne@gmail.com]
2020-08-25 10:50:21.404  INFO 5328 --- [http-nio-8081-exec-2] c.a.s.controller.EmailRequestController  : cc:[]
2020-08-25 10:50:21.405  INFO 5328 --- [http-nio-8081-exec-2] c.a.s.controller.EmailRequestController  : bcc:[]
2020-08-25 10:50:21.406  INFO 5328 --- [http-nio-8081-exec-2] c.a.s.controller.EmailRequestController  : parameters:{orderId=124}
2020-08-25 10:50:21.406  INFO 5328 --- [http-nio-8081-exec-2] c.a.s.controller.EmailRequestController  : subjectParameter:{amount=1234563}
2020-08-25 10:50:21.500  INFO 5328 --- [http-nio-8081-exec-2] c.a.s.controller.EmailRequestController  : Body key:$orderId$
2020-08-25 10:50:21.500  INFO 5328 --- [http-nio-8081-exec-2] c.a.s.controller.EmailRequestController  : Subject key:$amount$
